# Logfile created on 2014-10-09 21:35:43 -0700 by logger.rb/44203
I, [2014-10-09T21:35:43.901719 #8534]  INFO -- : 0:  rake (10.3.2) from /home/jet/.rvm/gems/ruby-2.1.0/specifications/rake-10.3.2.gemspec
I, [2014-10-09T21:35:44.146275 #8534]  INFO -- : 0:  i18n (0.6.11) from /home/jet/.rvm/gems/ruby-2.1.0/specifications/i18n-0.6.11.gemspec
I, [2014-10-09T21:35:47.185213 #8534]  INFO -- : 0:  json (1.8.1) from /home/jet/.rvm/gems/ruby-2.1.0/specifications/json-1.8.1.gemspec
I, [2014-10-09T21:35:47.906847 #8534]  INFO -- : 0:  minitest (5.4.2) from /home/jet/.rvm/gems/ruby-2.1.0/specifications/minitest-5.4.2.gemspec
I, [2014-10-09T21:35:48.303441 #8534]  INFO -- : 0:  thread_safe (0.3.4) from /home/jet/.rvm/gems/ruby-2.1.0/specifications/thread_safe-0.3.4.gemspec
I, [2014-10-09T21:35:48.626072 #8534]  INFO -- : 0:  tzinfo (1.2.2) from /home/jet/.rvm/gems/ruby-2.1.0/specifications/tzinfo-1.2.2.gemspec
I, [2014-10-09T21:35:49.042127 #8534]  INFO -- : 0:  activesupport (4.1.6) from /home/jet/.rvm/gems/ruby-2.1.0/specifications/activesupport-4.1.6.gemspec
I, [2014-10-09T21:35:49.263498 #8534]  INFO -- : 0:  builder (3.2.2) from /home/jet/.rvm/gems/ruby-2.1.0/specifications/builder-3.2.2.gemspec
I, [2014-10-09T21:35:49.263853 #8534]  INFO -- : 0:  erubis (2.7.0) from /home/jet/.rvm/gems/ruby-2.1.0/specifications/erubis-2.7.0.gemspec
I, [2014-10-09T21:35:50.143641 #8534]  INFO -- : 0:  actionview (4.1.6) from /home/jet/.rvm/gems/ruby-2.1.0/specifications/actionview-4.1.6.gemspec
I, [2014-10-09T21:35:50.144024 #8534]  INFO -- : 0:  rack (1.5.2) from /home/jet/.rvm/gems/ruby-2.1.0/specifications/rack-1.5.2.gemspec
I, [2014-10-09T21:35:50.144459 #8534]  INFO -- : 0:  rack-test (0.6.2) from /home/jet/.rvm/gems/ruby-2.1.0/specifications/rack-test-0.6.2.gemspec
I, [2014-10-09T21:35:51.122822 #8534]  INFO -- : 0:  actionpack (4.1.6) from /home/jet/.rvm/gems/ruby-2.1.0/specifications/actionpack-4.1.6.gemspec
I, [2014-10-09T21:35:51.123205 #8534]  INFO -- : 0:  thor (0.19.1) from /home/jet/.rvm/gems/ruby-2.1.0/specifications/thor-0.19.1.gemspec
I, [2014-10-09T21:35:51.489103 #8534]  INFO -- : 0:  railties (4.1.6) from /home/jet/.rvm/gems/ruby-2.1.0/specifications/railties-4.1.6.gemspec
I, [2014-10-09T21:35:51.754489 #8534]  INFO -- : 0:  minitest-rails (2.1.0) from /home/jet/.rvm/gems/ruby-2.1.0/specifications/minitest-rails-2.1.0.gemspec
I, [2014-10-09T21:35:51.754855 #8534]  INFO -- : 0:  bundler (1.5.0) from /home/jet/.rvm/gems/ruby-2.1.0@global/specifications/bundler-1.5.0.gemspec
I, [2014-10-10T05:09:40.637003 #9719]  INFO -- : 0:  rake (10.3.2) from /home/jet/.rvm/gems/ruby-2.1.0/specifications/rake-10.3.2.gemspec
I, [2014-10-10T05:09:40.637464 #9719]  INFO -- : 0:  i18n (0.6.11) from /home/jet/.rvm/gems/ruby-2.1.0/specifications/i18n-0.6.11.gemspec
I, [2014-10-10T05:09:41.762285 #9719]  INFO -- : 0:  json (1.8.1) from /home/jet/.rvm/gems/ruby-2.1.0/specifications/json-1.8.1.gemspec
I, [2014-10-10T05:09:41.762790 #9719]  INFO -- : 0:  minitest (5.4.2) from /home/jet/.rvm/gems/ruby-2.1.0/specifications/minitest-5.4.2.gemspec
I, [2014-10-10T05:09:41.763088 #9719]  INFO -- : 0:  thread_safe (0.3.4) from /home/jet/.rvm/gems/ruby-2.1.0/specifications/thread_safe-0.3.4.gemspec
I, [2014-10-10T05:09:41.763387 #9719]  INFO -- : 0:  tzinfo (1.2.2) from /home/jet/.rvm/gems/ruby-2.1.0/specifications/tzinfo-1.2.2.gemspec
I, [2014-10-10T05:09:41.763678 #9719]  INFO -- : 0:  activesupport (4.1.6) from /home/jet/.rvm/gems/ruby-2.1.0/specifications/activesupport-4.1.6.gemspec
I, [2014-10-10T05:09:41.763971 #9719]  INFO -- : 0:  builder (3.2.2) from /home/jet/.rvm/gems/ruby-2.1.0/specifications/builder-3.2.2.gemspec
I, [2014-10-10T05:09:41.764273 #9719]  INFO -- : 0:  erubis (2.7.0) from /home/jet/.rvm/gems/ruby-2.1.0/specifications/erubis-2.7.0.gemspec
I, [2014-10-10T05:09:41.764565 #9719]  INFO -- : 0:  actionview (4.1.6) from /home/jet/.rvm/gems/ruby-2.1.0/specifications/actionview-4.1.6.gemspec
I, [2014-10-10T05:09:41.764875 #9719]  INFO -- : 0:  rack (1.5.2) from /home/jet/.rvm/gems/ruby-2.1.0/specifications/rack-1.5.2.gemspec
I, [2014-10-10T05:09:41.765162 #9719]  INFO -- : 0:  rack-test (0.6.2) from /home/jet/.rvm/gems/ruby-2.1.0/specifications/rack-test-0.6.2.gemspec
I, [2014-10-10T05:09:41.765463 #9719]  INFO -- : 0:  actionpack (4.1.6) from /home/jet/.rvm/gems/ruby-2.1.0/specifications/actionpack-4.1.6.gemspec
I, [2014-10-10T05:09:41.765757 #9719]  INFO -- : 0:  thor (0.19.1) from /home/jet/.rvm/gems/ruby-2.1.0/specifications/thor-0.19.1.gemspec
I, [2014-10-10T05:09:41.766040 #9719]  INFO -- : 0:  railties (4.1.6) from /home/jet/.rvm/gems/ruby-2.1.0/specifications/railties-4.1.6.gemspec
I, [2014-10-10T05:09:41.766338 #9719]  INFO -- : 0:  minitest-rails (2.1.0) from /home/jet/.rvm/gems/ruby-2.1.0/specifications/minitest-rails-2.1.0.gemspec
I, [2014-10-10T05:09:41.766618 #9719]  INFO -- : 0:  bundler (1.5.0) from /home/jet/.rvm/gems/ruby-2.1.0@global/specifications/bundler-1.5.0.gemspec
I, [2014-10-10T05:45:35.653579 #9949]  INFO -- : 0:  rake (10.3.2) from /home/jet/.rvm/gems/ruby-2.1.0/specifications/rake-10.3.2.gemspec
I, [2014-10-10T05:45:35.653973 #9949]  INFO -- : 0:  i18n (0.6.11) from /home/jet/.rvm/gems/ruby-2.1.0/specifications/i18n-0.6.11.gemspec
I, [2014-10-10T05:45:36.743199 #9949]  INFO -- : 0:  json (1.8.1) from /home/jet/.rvm/gems/ruby-2.1.0/specifications/json-1.8.1.gemspec
I, [2014-10-10T05:45:36.743684 #9949]  INFO -- : 0:  minitest (5.4.2) from /home/jet/.rvm/gems/ruby-2.1.0/specifications/minitest-5.4.2.gemspec
I, [2014-10-10T05:45:36.743995 #9949]  INFO -- : 0:  thread_safe (0.3.4) from /home/jet/.rvm/gems/ruby-2.1.0/specifications/thread_safe-0.3.4.gemspec
I, [2014-10-10T05:45:36.744323 #9949]  INFO -- : 0:  tzinfo (1.2.2) from /home/jet/.rvm/gems/ruby-2.1.0/specifications/tzinfo-1.2.2.gemspec
I, [2014-10-10T05:45:36.744632 #9949]  INFO -- : 0:  activesupport (4.1.6) from /home/jet/.rvm/gems/ruby-2.1.0/specifications/activesupport-4.1.6.gemspec
I, [2014-10-10T05:45:36.744957 #9949]  INFO -- : 0:  builder (3.2.2) from /home/jet/.rvm/gems/ruby-2.1.0/specifications/builder-3.2.2.gemspec
I, [2014-10-10T05:45:36.745265 #9949]  INFO -- : 0:  erubis (2.7.0) from /home/jet/.rvm/gems/ruby-2.1.0/specifications/erubis-2.7.0.gemspec
I, [2014-10-10T05:45:36.745589 #9949]  INFO -- : 0:  actionview (4.1.6) from /home/jet/.rvm/gems/ruby-2.1.0/specifications/actionview-4.1.6.gemspec
I, [2014-10-10T05:45:36.745917 #9949]  INFO -- : 0:  rack (1.5.2) from /home/jet/.rvm/gems/ruby-2.1.0/specifications/rack-1.5.2.gemspec
I, [2014-10-10T05:45:36.746241 #9949]  INFO -- : 0:  rack-test (0.6.2) from /home/jet/.rvm/gems/ruby-2.1.0/specifications/rack-test-0.6.2.gemspec
I, [2014-10-10T05:45:36.746570 #9949]  INFO -- : 0:  actionpack (4.1.6) from /home/jet/.rvm/gems/ruby-2.1.0/specifications/actionpack-4.1.6.gemspec
I, [2014-10-10T05:45:37.063472 #9949]  INFO -- : 0:  mime-types (2.4.1) from /home/jet/.rvm/gems/ruby-2.1.0/specifications/mime-types-2.4.1.gemspec
I, [2014-10-10T05:45:38.220976 #9949]  INFO -- : 0:  mail (2.6.1) from /home/jet/.rvm/gems/ruby-2.1.0/specifications/mail-2.6.1.gemspec
I, [2014-10-10T05:45:38.466913 #9949]  INFO -- : 0:  actionmailer (4.1.6) from /home/jet/.rvm/gems/ruby-2.1.0/specifications/actionmailer-4.1.6.gemspec
I, [2014-10-10T05:45:38.719215 #9949]  INFO -- : 0:  activemodel (4.1.6) from /home/jet/.rvm/gems/ruby-2.1.0/specifications/activemodel-4.1.6.gemspec
I, [2014-10-10T05:45:39.377715 #9949]  INFO -- : 0:  arel (5.0.1.20140414130214) from /home/jet/.rvm/gems/ruby-2.1.0/specifications/arel-5.0.1.20140414130214.gemspec
I, [2014-10-10T05:45:39.834823 #9949]  INFO -- : 0:  activerecord (4.1.6) from /home/jet/.rvm/gems/ruby-2.1.0/specifications/activerecord-4.1.6.gemspec
I, [2014-10-10T05:45:39.835190 #9949]  INFO -- : 0:  bundler (1.5.0) from /home/jet/.rvm/gems/ruby-2.1.0@global/specifications/bundler-1.5.0.gemspec
I, [2014-10-10T05:45:39.835488 #9949]  INFO -- : 0:  hike (1.2.3) from /home/jet/.rvm/gems/ruby-2.1.0/specifications/hike-1.2.3.gemspec
I, [2014-10-10T05:45:39.835788 #9949]  INFO -- : 0:  thor (0.19.1) from /home/jet/.rvm/gems/ruby-2.1.0/specifications/thor-0.19.1.gemspec
I, [2014-10-10T05:45:39.836089 #9949]  INFO -- : 0:  railties (4.1.6) from /home/jet/.rvm/gems/ruby-2.1.0/specifications/railties-4.1.6.gemspec
I, [2014-10-10T05:45:39.836396 #9949]  INFO -- : 0:  minitest-rails (2.1.0) from /home/jet/.rvm/gems/ruby-2.1.0/specifications/minitest-rails-2.1.0.gemspec
I, [2014-10-10T05:45:40.438262 #9949]  INFO -- : 0:  multi_json (1.10.1) from /home/jet/.rvm/gems/ruby-2.1.0/specifications/multi_json-1.10.1.gemspec
I, [2014-10-10T05:45:40.438613 #9949]  INFO -- : 0:  tilt (1.4.1) from /home/jet/.rvm/gems/ruby-2.1.0/specifications/tilt-1.4.1.gemspec
I, [2014-10-10T05:45:41.045309 #9949]  INFO -- : 0:  sprockets (2.12.2) from /home/jet/.rvm/gems/ruby-2.1.0/specifications/sprockets-2.12.2.gemspec
I, [2014-10-10T05:45:41.247040 #9949]  INFO -- : 0:  sprockets-rails (2.1.4) from /home/jet/.rvm/gems/ruby-2.1.0/specifications/sprockets-rails-2.1.4.gemspec
I, [2014-10-10T05:45:42.311048 #9949]  INFO -- : 0:  rails (4.1.6) from /home/jet/.rvm/gems/ruby-2.1.0/specifications/rails-4.1.6.gemspec
I, [2014-10-10T05:45:42.567202 #9949]  INFO -- : 0:  minitest-spec-rails (5.1.0) from /home/jet/.rvm/gems/ruby-2.1.0/specifications/minitest-spec-rails-5.1.0.gemspec
